  main.cpp
D:\1OMAR\COMM\SFML-Porject\SFML-Porject\main.cpp(21,40): warning C4244: 'initializing': conversion from 'T' to 'float', possible loss of data
D:\1OMAR\COMM\SFML-Porject\SFML-Porject\main.cpp(21,40): warning C4244:         with
D:\1OMAR\COMM\SFML-Porject\SFML-Porject\main.cpp(21,40): warning C4244:         [
D:\1OMAR\COMM\SFML-Porject\SFML-Porject\main.cpp(21,40): warning C4244:             T=unsigned int
D:\1OMAR\COMM\SFML-Porject\SFML-Porject\main.cpp(21,40): warning C4244:         ]
D:\1OMAR\COMM\SFML-Porject\SFML-Porject\main.cpp(21,22): warning C4244: 'initializing': conversion from 'T' to 'const float', possible loss of data
D:\1OMAR\COMM\SFML-Porject\SFML-Porject\main.cpp(21,22): warning C4244:         with
D:\1OMAR\COMM\SFML-Porject\SFML-Porject\main.cpp(21,22): warning C4244:         [
D:\1OMAR\COMM\SFML-Porject\SFML-Porject\main.cpp(21,22): warning C4244:             T=unsigned int
D:\1OMAR\COMM\SFML-Porject\SFML-Porject\main.cpp(21,22): warning C4244:         ]
D:\1OMAR\COMM\SFML-Porject\SFML-Porject\main.cpp(22,40): warning C4244: 'initializing': conversion from 'T' to 'float', possible loss of data
D:\1OMAR\COMM\SFML-Porject\SFML-Porject\main.cpp(22,40): warning C4244:         with
D:\1OMAR\COMM\SFML-Porject\SFML-Porject\main.cpp(22,40): warning C4244:         [
D:\1OMAR\COMM\SFML-Porject\SFML-Porject\main.cpp(22,40): warning C4244:             T=unsigned int
D:\1OMAR\COMM\SFML-Porject\SFML-Porject\main.cpp(22,40): warning C4244:         ]
D:\1OMAR\COMM\SFML-Porject\SFML-Porject\main.cpp(22,22): warning C4244: 'initializing': conversion from 'T' to 'const float', possible loss of data
D:\1OMAR\COMM\SFML-Porject\SFML-Porject\main.cpp(22,22): warning C4244:         with
D:\1OMAR\COMM\SFML-Porject\SFML-Porject\main.cpp(22,22): warning C4244:         [
D:\1OMAR\COMM\SFML-Porject\SFML-Porject\main.cpp(22,22): warning C4244:             T=unsigned int
D:\1OMAR\COMM\SFML-Porject\SFML-Porject\main.cpp(22,22): warning C4244:         ]
D:\1OMAR\COMM\SFML-Porject\SFML-Porject\main.cpp(112,44): warning C4244: 'initializing': conversion from 'T' to 'const int', possible loss of data
D:\1OMAR\COMM\SFML-Porject\SFML-Porject\main.cpp(112,44): warning C4244:         with
D:\1OMAR\COMM\SFML-Porject\SFML-Porject\main.cpp(112,44): warning C4244:         [
D:\1OMAR\COMM\SFML-Porject\SFML-Porject\main.cpp(112,44): warning C4244:             T=float
D:\1OMAR\COMM\SFML-Porject\SFML-Porject\main.cpp(112,44): warning C4244:         ]
D:\1OMAR\COMM\SFML-Porject\SFML-Porject\main.cpp(113,44): warning C4244: 'initializing': conversion from 'T' to 'const int', possible loss of data
D:\1OMAR\COMM\SFML-Porject\SFML-Porject\main.cpp(113,44): warning C4244:         with
D:\1OMAR\COMM\SFML-Porject\SFML-Porject\main.cpp(113,44): warning C4244:         [
D:\1OMAR\COMM\SFML-Porject\SFML-Porject\main.cpp(113,44): warning C4244:             T=float
D:\1OMAR\COMM\SFML-Porject\SFML-Porject\main.cpp(113,44): warning C4244:         ]
D:\1OMAR\COMM\SFML-Porject\SFML-Porject\main.cpp(121,24): warning C4305: 'argument': truncation from 'double' to 'float'
D:\1OMAR\COMM\SFML-Porject\SFML-Porject\main.cpp(121,19): warning C4305: 'argument': truncation from 'double' to 'float'
D:\1OMAR\COMM\SFML-Porject\SFML-Porject\main.cpp(122,26): warning C4305: 'argument': truncation from 'double' to 'float'
D:\1OMAR\COMM\SFML-Porject\SFML-Porject\main.cpp(122,21): warning C4305: 'argument': truncation from 'double' to 'float'
D:\1OMAR\COMM\SFML-Porject\SFML-Porject\main.cpp(130,40): warning C4244: 'argument': conversion from 'int' to 'float', possible loss of data
D:\1OMAR\COMM\SFML-Porject\SFML-Porject\main.cpp(131,41): warning C4244: 'argument': conversion from 'int' to 'float', possible loss of data
D:\1OMAR\COMM\SFML-Porject\SFML-Porject\main.cpp(132,54): warning C4244: 'argument': conversion from 'int' to 'float', possible loss of data
D:\1OMAR\COMM\SFML-Porject\SFML-Porject\main.cpp(133,58): warning C4244: 'argument': conversion from 'int' to 'float', possible loss of data
D:\1OMAR\COMM\SFML-Porject\SFML-Porject\main.cpp(134,54): warning C4244: 'argument': conversion from 'int' to 'float', possible loss of data
D:\1OMAR\COMM\SFML-Porject\SFML-Porject\main.cpp(135,59): warning C4244: 'argument': conversion from 'int' to 'float', possible loss of data
D:\1OMAR\COMM\SFML-Porject\SFML-Porject\main.cpp(143,35): warning C4244: 'argument': conversion from 'int' to 'float', possible loss of data
D:\1OMAR\COMM\SFML-Porject\SFML-Porject\main.cpp(144,38): warning C4244: 'argument': conversion from 'int' to 'float', possible loss of data
D:\1OMAR\COMM\SFML-Porject\SFML-Porject\main.cpp(205,30): warning C4305: 'argument': truncation from 'double' to 'float'
D:\1OMAR\COMM\SFML-Porject\SFML-Porject\main.cpp(205,25): warning C4305: 'argument': truncation from 'double' to 'float'
D:\1OMAR\COMM\SFML-Porject\SFML-Porject\main.cpp(212,26): warning C4305: 'argument': truncation from 'double' to 'float'
D:\1OMAR\COMM\SFML-Porject\SFML-Porject\main.cpp(281,27): warning C4305: 'argument': truncation from 'double' to 'float'
D:\1OMAR\COMM\SFML-Porject\SFML-Porject\main.cpp(281,22): warning C4305: 'argument': truncation from 'double' to 'float'
D:\1OMAR\COMM\SFML-Porject\SFML-Porject\main.cpp(358,32): warning C4305: 'argument': truncation from 'double' to 'float'
D:\1OMAR\COMM\SFML-Porject\SFML-Porject\main.cpp(358,27): warning C4305: 'argument': truncation from 'double' to 'float'
D:\1OMAR\COMM\SFML-Porject\SFML-Porject\main.cpp(364,31): warning C4305: 'argument': truncation from 'double' to 'float'
D:\1OMAR\COMM\SFML-Porject\SFML-Porject\main.cpp(364,26): warning C4305: 'argument': truncation from 'double' to 'float'
D:\1OMAR\COMM\SFML-Porject\SFML-Porject\main.cpp(412,12): warning C4244: 'argument': conversion from 'time_t' to 'unsigned int', possible loss of data
D:\1OMAR\COMM\SFML-Porject\SFML-Porject\main.cpp(418,14): warning C4305: 'argument': truncation from 'double' to 'float'
D:\1OMAR\COMM\SFML-Porject\SFML-Porject\main.cpp(530,13): warning C4305: 'argument': truncation from 'double' to 'float'
D:\1OMAR\COMM\SFML-Porject\SFML-Porject\main.cpp(548,15): warning C4305: 'argument': truncation from 'double' to 'float'
  SFML-Porject.vcxproj -> D:\1OMAR\COMM\SFML-Porject\x64\Debug\SFML-Porject.exe
